Debug| environment_variables_mg.py:39 in keyring_get()
       KEYRING[service]: '6961919539:AAHUx19hj6kYEQminoc9aDwMXpiEBUkx9UQ'
Debug| environment_variables_mg.py:36 in keyring_get()
       'Key of service %s not found in keyring' % service: 'Key of service DevId not found in keyring'
Debug| environment_variables_mg.py:39 in keyring_get()
       KEYRING[service]: '6961919539:AAHUx19hj6kYEQminoc9aDwMXpiEBUkx9UQ'
Debug| environment_variables_mg.py:36 in keyring_get()
       'Key of service %s not found in keyring' % service: 'Key of service DevId not found in keyring'
Debug| environment_variables_mg.py:39 in keyring_get()
       KEYRING[service]: '6961919539:AAHUx19hj6kYEQminoc9aDwMXpiEBUkx9UQ'
Debug| environment_variables_mg.py:39 in keyring_get()
       KEYRING[service]: '6961919539:AAHUx19hj6kYEQminoc9aDwMXpiEBUkx9UQ'
Debug| environment_variables_mg.py:39 in keyring_get()
       KEYRING[service]: '6961919539:AAHUx19hj6kYEQminoc9aDwMXpiEBUkx9UQ'
Debug| environment_variables_mg.py:39 in keyring_get()
       KEYRING[service]: '6961919539:AAHUx19hj6kYEQminoc9aDwMXpiEBUkx9UQ'
Debug| environment_variables_mg.py:39 in keyring_get()
       KEYRING[service]: '6961919539:AAHUx19hj6kYEQminoc9aDwMXpiEBUkx9UQ'
Debug| environment_variables_mg.py:39 in keyring_get()
       KEYRING[service]: '6961919539:AAHUx19hj6kYEQminoc9aDwMXpiEBUkx9UQ'
Debug| environment_variables_mg.py:39 in keyring_get()
       KEYRING[service]: '6961919539:AAHUx19hj6kYEQminoc9aDwMXpiEBUkx9UQ'
Debug| environment_variables_mg.py:39 in keyring_get()
       KEYRING[service]: '6961919539:AAHUx19hj6kYEQminoc9aDwMXpiEBUkx9UQ'
Debug| environment_variables_mg.py:36 in keyring_get()
       'Key of service %s not found in keyring' % service: 'Key of service DevId not found in keyring'
Debug| environment_variables_mg.py:39 in keyring_get()
       KEYRING[service]: '6961919539:AAHUx19hj6kYEQminoc9aDwMXpiEBUkx9UQ'
Debug| environment_variables_mg.py:36 in keyring_get()
       'Key of service %s not found in keyring' % service: 'Key of service DevId not found in keyring'
Debug| environment_variables_mg.py:39 in keyring_get()
       KEYRING[service]: '6961919539:AAHUx19hj6kYEQminoc9aDwMXpiEBUkx9UQ'
Debug| environment_variables_mg.py:39 in keyring_get()
       KEYRING[service]: '6961919539:AAHUx19hj6kYEQminoc9aDwMXpiEBUkx9UQ'
Debug| environment_variables_mg.py:36 in keyring_get()
       'Key of service %s not found in keyring' % service: 'Key of service DevId not found in keyring'
Debug| environment_variables_mg.py:39 in keyring_get()
       KEYRING[service]: '6961919539:AAHUx19hj6kYEQminoc9aDwMXpiEBUkx9UQ'
Debug| environment_variables_mg.py:39 in keyring_get()
       KEYRING[service]: '6961919539:AAHUx19hj6kYEQminoc9aDwMXpiEBUkx9UQ'
Debug| environment_variables_mg.py:36 in keyring_get()
       'Key of service %s not found in keyring' % service: 'Key of service DevId not found in keyring'
Debug| environment_variables_mg.py:39 in keyring_get()
       KEYRING[service]: '6961919539:AAHUx19hj6kYEQminoc9aDwMXpiEBUkx9UQ'
Debug| environment_variables_mg.py:36 in keyring_get()
       'Key of service %s not found in keyring' % service: 'Key of service DevId not found in keyring'
Debug| environment_variables_mg.py:39 in keyring_get()
       KEYRING[service]: '6961919539:AAHUx19hj6kYEQminoc9aDwMXpiEBUkx9UQ'
Debug| environment_variables_mg.py:39 in keyring_get()
       KEYRING[service]: '6961919539:AAHUx19hj6kYEQminoc9aDwMXpiEBUkx9UQ'
Debug| environment_variables_mg.py:39 in keyring_get()
       KEYRING[service]: '6961919539:AAHUx19hj6kYEQminoc9aDwMXpiEBUkx9UQ'
Debug| environment_variables_mg.py:39 in keyring_get()
       KEYRING[service]: '6961919539:AAHUx19hj6kYEQminoc9aDwMXpiEBUkx9UQ'
Debug| environment_variables_mg.py:36 in keyring_get()
       'Key of service %s not found in keyring' % service: 'Key of service DevId not found in keyring'
Debug| environment_variables_mg.py:36 in keyring_get()
       'Key of service %s not found in keyring' % service: 'Key of service DevId not found in keyring'
Debug| environment_variables_mg.py:39 in keyring_get()
       KEYRING[service]: '6961919539:AAHUx19hj6kYEQminoc9aDwMXpiEBUkx9UQ'
Debug| environment_variables_mg.py:39 in keyring_get()
       KEYRING[service]: '6961919539:AAHUx19hj6kYEQminoc9aDwMXpiEBUkx9UQ'
Debug| environment_variables_mg.py:39 in keyring_get()
       KEYRING[service]: '6961919539:AAHUx19hj6kYEQminoc9aDwMXpiEBUkx9UQ'
Debug| environment_variables_mg.py:39 in keyring_get()
       KEYRING[service]: '6961919539:AAHUx19hj6kYEQminoc9aDwMXpiEBUkx9UQ'
Debug| environment_variables_mg.py:36 in keyring_get()
       'Key of service %s not found in keyring' % service: 'Key of service DevId not found in keyring'
Debug| environment_variables_mg.py:39 in keyring_get()
       KEYRING[service]: '6961919539:AAHUx19hj6kYEQminoc9aDwMXpiEBUkx9UQ'
Debug| environment_variables_mg.py:39 in keyring_get()
       KEYRING[service]: '6961919539:AAHUx19hj6kYEQminoc9aDwMXpiEBUkx9UQ'
Debug| environment_variables_mg.py:36 in keyring_get()
       'Key of service %s not found in keyring' % service: 'Key of service DevId not found in keyring'
Debug| environment_variables_mg.py:39 in keyring_get()
       KEYRING[service]: '6961919539:AAHUx19hj6kYEQminoc9aDwMXpiEBUkx9UQ'
Debug| environment_variables_mg.py:39 in keyring_get()
       KEYRING[service]: '6961919539:AAHUx19hj6kYEQminoc9aDwMXpiEBUkx9UQ'
Debug| environment_variables_mg.py:39 in keyring_get()
       KEYRING[service]: '6961919539:AAHUx19hj6kYEQminoc9aDwMXpiEBUkx9UQ'
Debug| environment_variables_mg.py:36 in keyring_get()
       'Key of service %s not found in keyring' % service: 'Key of service DevId not found in keyring'
Debug| environment_variables_mg.py:39 in keyring_get()
       KEYRING[service]: '6961919539:AAHUx19hj6kYEQminoc9aDwMXpiEBUkx9UQ'
Debug| environment_variables_mg.py:36 in keyring_get()
       'Key of service %s not found in keyring' % service: 'Key of service DevId not found in keyring'
Debug| environment_variables_mg.py:39 in keyring_get()
       KEYRING[service]: '6961919539:AAHUx19hj6kYEQminoc9aDwMXpiEBUkx9UQ'
Debug| environment_variables_mg.py:39 in keyring_get()
       KEYRING[service]: '6961919539:AAHUx19hj6kYEQminoc9aDwMXpiEBUkx9UQ'
Debug| environment_variables_mg.py:39 in keyring_get()
       KEYRING[service]: '6961919539:AAHUx19hj6kYEQminoc9aDwMXpiEBUkx9UQ'
Debug| environment_variables_mg.py:36 in keyring_get()
       'Key of service %s not found in keyring' % service: 'Key of service DevId not found in keyring'
Debug| environment_variables_mg.py:39 in keyring_get()
       KEYRING[service]: '6961919539:AAHUx19hj6kYEQminoc9aDwMXpiEBUkx9UQ'
Debug| environment_variables_mg.py:39 in keyring_get()
       KEYRING[service]: '6961919539:AAHUx19hj6kYEQminoc9aDwMXpiEBUkx9UQ'
Debug| environment_variables_mg.py:39 in keyring_get()
       KEYRING[service]: '6961919539:AAHUx19hj6kYEQminoc9aDwMXpiEBUkx9UQ'
Debug| environment_variables_mg.py:39 in keyring_get()
       KEYRING[service]: '6961919539:AAHUx19hj6kYEQminoc9aDwMXpiEBUkx9UQ'
Debug| environment_variables_mg.py:39 in keyring_get()
       KEYRING[service]: '6961919539:AAHUx19hj6kYEQminoc9aDwMXpiEBUkx9UQ'
Debug| environment_variables_mg.py:39 in keyring_get()
       KEYRING[service]: '6961919539:AAHUx19hj6kYEQminoc9aDwMXpiEBUkx9UQ'
Debug| environment_variables_mg.py:39 in keyring_get()
       KEYRING[service]: '6961919539:AAHUx19hj6kYEQminoc9aDwMXpiEBUkx9UQ'
Debug| environment_variables_mg.py:39 in keyring_get()
       KEYRING[service]: '6961919539:AAHUx19hj6kYEQminoc9aDwMXpiEBUkx9UQ'
Debug| environment_variables_mg.py:39 in keyring_get()
       KEYRING[service]: '6961919539:AAHUx19hj6kYEQminoc9aDwMXpiEBUkx9UQ'
Debug| main.py:311 in get_callback_data_from_generate_new_password_or_confirm()
       account_dictionary: {'Prova 1': Account(id='f943d770-e0cc-43a6-ba4a-87c80d446016',
                                               name='Prova 1',
                                               user_name='Cioscos',
                                               password="!s\\}^j1$'r)e0&z")}
Debug| environment_variables_mg.py:39 in keyring_get()
       KEYRING[service]: '6961919539:AAHUx19hj6kYEQminoc9aDwMXpiEBUkx9UQ'
Debug| main.py:305 in get_callback_data_from_generate_new_password_or_confirm()
       account: Account(id='c5d779d5-5836-4a01-b843-6ae8c568ba86',
                        name='Prova 1',
                        user_name='Cioscos',
                        password='"0Q_e8cQE=t/0?af"}?C')
Debug| environment_variables_mg.py:36 in keyring_get()
       'Key of service %s not found in keyring' % service: 'Key of service DevId not found in keyring'
Debug| environment_variables_mg.py:39 in keyring_get()
       KEYRING[service]: '6961919539:AAHUx19hj6kYEQminoc9aDwMXpiEBUkx9UQ'
Debug| main.py:305 in get_callback_data_from_generate_new_password_or_confirm()
       account: Account(id='c5d779d5-5836-4a01-b843-6ae8c568ba86',
                        name='Prova 1',
                        user_name='Cioscos',
                        password='"0Q_e8cQE=t/0?af"}?C')
Debug| environment_variables_mg.py:36 in keyring_get()
       'Key of service %s not found in keyring' % service: 'Key of service DevId not found in keyring'
Debug| environment_variables_mg.py:39 in keyring_get()
       KEYRING[service]: '6961919539:AAHUx19hj6kYEQminoc9aDwMXpiEBUkx9UQ'
Debug| main.py:305 in get_callback_data_from_generate_new_password_or_confirm()
       account: Account(id='c5d779d5-5836-4a01-b843-6ae8c568ba86',
                        name='Prova 1',
                        user_name='Cioscos',
                        password='"0Q_e8cQE=t/0?af"}?C')
Debug| environment_variables_mg.py:36 in keyring_get()
       'Key of service %s not found in keyring' % service: 'Key of service DevId not found in keyring'
Debug| main.py:305 in get_callback_data_from_generate_new_password_or_confirm()
       account: Account(id='c5d779d5-5836-4a01-b843-6ae8c568ba86',
                        name='Prova 1',
                        user_name='Cioscos',
                        password='"0Q_e8cQE=t/0?af"}?C')
Debug| environment_variables_mg.py:39 in keyring_get()
       KEYRING[service]: '6961919539:AAHUx19hj6kYEQminoc9aDwMXpiEBUkx9UQ'
Debug| main.py:305 in get_callback_data_from_generate_new_password_or_confirm()
       account: Account(id='c5d779d5-5836-4a01-b843-6ae8c568ba86',
                        name='Prova 1',
                        user_name='Cioscos',
                        password='"0Q_e8cQE=t/0?af"}?C')
Debug| environment_variables_mg.py:39 in keyring_get()
       KEYRING[service]: '6961919539:AAHUx19hj6kYEQminoc9aDwMXpiEBUkx9UQ'
Debug| main.py:305 in get_callback_data_from_generate_new_password_or_confirm()
       account: Account(id='c5d779d5-5836-4a01-b843-6ae8c568ba86',
                        name='Prova 1',
                        user_name='Cioscos',
                        password='"0Q_e8cQE=t/0?af"}?C')
Debug| environment_variables_mg.py:36 in keyring_get()
       'Key of service %s not found in keyring' % service: 'Key of service DevId not found in keyring'
Debug| environment_variables_mg.py:39 in keyring_get()
       KEYRING[service]: '6961919539:AAHUx19hj6kYEQminoc9aDwMXpiEBUkx9UQ'
Debug| main.py:305 in get_callback_data_from_generate_new_password_or_confirm()
       account: Account(id='c5d779d5-5836-4a01-b843-6ae8c568ba86',
                        name='Prova 1',
                        user_name='Cioscos',
                        password='"0Q_e8cQE=t/0?af"}?C')
Debug| environment_variables_mg.py:36 in keyring_get()
       'Key of service %s not found in keyring' % service: 'Key of service DevId not found in keyring'
Debug| environment_variables_mg.py:39 in keyring_get()
       KEYRING[service]: '6961919539:AAHUx19hj6kYEQminoc9aDwMXpiEBUkx9UQ'
Debug| main.py:305 in get_callback_data_from_generate_new_password_or_confirm()
       account: Account(id='c5d779d5-5836-4a01-b843-6ae8c568ba86',
                        name='Prova 1',
                        user_name='Cioscos',
                        password='"0Q_e8cQE=t/0?af"}?C')
Debug| environment_variables_mg.py:36 in keyring_get()
       'Key of service %s not found in keyring' % service: 'Key of service DevId not found in keyring'
Debug| environment_variables_mg.py:39 in keyring_get()
       KEYRING[service]: '6961919539:AAHUx19hj6kYEQminoc9aDwMXpiEBUkx9UQ'
Debug| main.py:305 in get_callback_data_from_generate_new_password_or_confirm()
       account: Account(id='c5d779d5-5836-4a01-b843-6ae8c568ba86',
                        name='Prova 1',
                        user_name='Cioscos',
                        password='"0Q_e8cQE=t/0?af"}?C')
Debug| environment_variables_mg.py:39 in keyring_get()
       KEYRING[service]: '6961919539:AAHUx19hj6kYEQminoc9aDwMXpiEBUkx9UQ'
Debug| environment_variables_mg.py:39 in keyring_get()
       KEYRING[service]: '6961919539:AAHUx19hj6kYEQminoc9aDwMXpiEBUkx9UQ'
Debug| environment_variables_mg.py:39 in keyring_get()
       KEYRING[service]: '6961919539:AAHUx19hj6kYEQminoc9aDwMXpiEBUkx9UQ'
Debug| environment_variables_mg.py:39 in keyring_get()
       KEYRING[service]: '6961919539:AAHUx19hj6kYEQminoc9aDwMXpiEBUkx9UQ'
Debug| environment_variables_mg.py:39 in keyring_get()
       KEYRING[service]: '6961919539:AAHUx19hj6kYEQminoc9aDwMXpiEBUkx9UQ'
Debug| main.py:338 in get_manual_password_and_save_account()
       account: Account(id='0d25238f-ee6e-44ca-a648-febc12ec2a55',
                        name='Prova 1',
                        user_name='Cioscos',
                        password='Catafratta98')
Debug| main.py:319 in get_callback_data_from_generate_new_password_or_confirm()
       account: Account(id='38e272fb-952a-4c17-91b4-dac9f1f8de54',
                        name='Prova 2',
                        user_name='claudiocicca1998@gmail.com',
                        password='9f`B{@_b9cg>5U%xWI6Ya6P3K')
Debug| main.py:319 in get_callback_data_from_generate_new_password_or_confirm()
       account: Account(id='2c4b4340-b8d9-4325-9505-dc8f13d1720f',
                        name='Prova 3',
                        user_name='Claudio',
                        password='\\Us>8ITuB*,MXl-')
Debug| environment_variables_mg.py:39 in keyring_get()
       KEYRING[service]: '6961919539:AAHUx19hj6kYEQminoc9aDwMXpiEBUkx9UQ'
Debug| main.py:320 in get_callback_data_from_generate_new_password_or_confirm()
       account: Account(id='3b04d01e-2004-4002-b8ac-15af0a11f0b9',
                        name='Prova 4',
                        user_name='Cioscos',
                        password="YF{c_}Gu'b")
Debug| environment_variables_mg.py:39 in keyring_get()
       KEYRING[service]: '6961919539:AAHUx19hj6kYEQminoc9aDwMXpiEBUkx9UQ'
Debug| environment_variables_mg.py:39 in keyring_get()
       KEYRING[service]: '6961919539:AAHUx19hj6kYEQminoc9aDwMXpiEBUkx9UQ'
Debug| environment_variables_mg.py:39 in keyring_get()
       KEYRING[service]: '6961919539:AAHUx19hj6kYEQminoc9aDwMXpiEBUkx9UQ'
Debug| environment_variables_mg.py:36 in keyring_get()
       'Key of service %s not found in keyring' % service: 'Key of service DevId not found in keyring'
Debug| environment_variables_mg.py:39 in keyring_get()
       KEYRING[service]: '6961919539:AAHUx19hj6kYEQminoc9aDwMXpiEBUkx9UQ'
Debug| main.py:325 in get_callback_data_from_generate_new_password_or_confirm()
       account: Account(id='ae959988-cb4c-45ec-be1e-777b5727249b',
                        name='Prova 5',
                        user_name='Cioscos',
                        password='7V83uLS6Qz')
Debug| main.py:325 in get_callback_data_from_generate_new_password_or_confirm()
       account: Account(id='895f23f5-493b-44d2-8dc7-75fce6d5cd0c',
                        name='Prova 6',
                        user_name='Cioscos',
                        password='4YO6nIV2ZS')
Debug| main.py:325 in get_callback_data_from_generate_new_password_or_confirm()
       account: Account(id='d195b0ff-c5dd-496a-baf8-712a2c94f8ac',
                        name='Prova 7',
                        user_name='Cioscos',
                        password='IQyMXYZzcU')
Debug| environment_variables_mg.py:39 in keyring_get()
       KEYRING[service]: '6961919539:AAHUx19hj6kYEQminoc9aDwMXpiEBUkx9UQ'
Debug| environment_variables_mg.py:39 in keyring_get()
       KEYRING[service]: '6961919539:AAHUx19hj6kYEQminoc9aDwMXpiEBUkx9UQ'
Debug| environment_variables_mg.py:39 in keyring_get()
       KEYRING[service]: '6961919539:AAHUx19hj6kYEQminoc9aDwMXpiEBUkx9UQ'
Debug| environment_variables_mg.py:39 in keyring_get()
       KEYRING[service]: '6961919539:AAHUx19hj6kYEQminoc9aDwMXpiEBUkx9UQ'
Debug| environment_variables_mg.py:36 in keyring_get()
       'Key of service %s not found in keyring' % service: 'Key of service DevId not found in keyring'
Debug| environment_variables_mg.py:39 in keyring_get()
       KEYRING[service]: '6961919539:AAHUx19hj6kYEQminoc9aDwMXpiEBUkx9UQ'
Debug| environment_variables_mg.py:36 in keyring_get()
       'Key of service %s not found in keyring' % service: 'Key of service DevId not found in keyring'
Debug| environment_variables_mg.py:39 in keyring_get()
       KEYRING[service]: '6961919539:AAHUx19hj6kYEQminoc9aDwMXpiEBUkx9UQ'
Debug| environment_variables_mg.py:36 in keyring_get()
       'Key of service %s not found in keyring' % service: 'Key of service DevId not found in keyring'
Debug| environment_variables_mg.py:36 in keyring_get()
       'Key of service %s not found in keyring' % service: 'Key of service DevId not found in keyring'
Debug| environment_variables_mg.py:36 in keyring_get()
       'Key of service %s not found in keyring' % service: 'Key of service DevId not found in keyring'
Debug| environment_variables_mg.py:39 in keyring_get()
       KEYRING[service]: '6961919539:AAHUx19hj6kYEQminoc9aDwMXpiEBUkx9UQ'
Debug| environment_variables_mg.py:39 in keyring_get()
       KEYRING[service]: '6961919539:AAHUx19hj6kYEQminoc9aDwMXpiEBUkx9UQ'
Debug| environment_variables_mg.py:36 in keyring_get()
       'Key of service %s not found in keyring' % service: 'Key of service DevId not found in keyring'
Debug| environment_variables_mg.py:39 in keyring_get()
       KEYRING[service]: '6961919539:AAHUx19hj6kYEQminoc9aDwMXpiEBUkx9UQ'
Debug| environment_variables_mg.py:36 in keyring_get()
       'Key of service %s not found in keyring' % service: 'Key of service DevId not found in keyring'
Debug| environment_variables_mg.py:39 in keyring_get()
       KEYRING[service]: '6961919539:AAHUx19hj6kYEQminoc9aDwMXpiEBUkx9UQ'
Debug| environment_variables_mg.py:39 in keyring_get()
       KEYRING[service]: '6961919539:AAHUx19hj6kYEQminoc9aDwMXpiEBUkx9UQ'
Debug| environment_variables_mg.py:39 in keyring_get()
       KEYRING[service]: '6961919539:AAHUx19hj6kYEQminoc9aDwMXpiEBUkx9UQ'
Debug| environment_variables_mg.py:39 in keyring_get()
       KEYRING[service]: '6961919539:AAHUx19hj6kYEQminoc9aDwMXpiEBUkx9UQ'
Debug| environment_variables_mg.py:39 in keyring_get()
       KEYRING[service]: '6961919539:AAHUx19hj6kYEQminoc9aDwMXpiEBUkx9UQ'
Debug| environment_variables_mg.py:36 in keyring_get()
       'Key of service %s not found in keyring' % service: 'Key of service DevId not found in keyring'
Debug| main.py:339 in get_callback_data_from_generate_new_password_or_confirm()
       account: Account(id='78f78647-9413-4555-b970-0887d6fa4171',
                        name='Prova 3',
                        user_name='Cioscos',
                        password='5vMVTLZH6p')
Debug| environment_variables_mg.py:39 in keyring_get()
       KEYRING[service]: '6961919539:AAHUx19hj6kYEQminoc9aDwMXpiEBUkx9UQ'
Debug| environment_variables_mg.py:39 in keyring_get()
       KEYRING[service]: '6961919539:AAHUx19hj6kYEQminoc9aDwMXpiEBUkx9UQ'
Debug| environment_variables_mg.py:39 in keyring_get()
       KEYRING[service]: '6961919539:AAHUx19hj6kYEQminoc9aDwMXpiEBUkx9UQ'
Debug| environment_variables_mg.py:39 in keyring_get()
       KEYRING[service]: '6961919539:AAHUx19hj6kYEQminoc9aDwMXpiEBUkx9UQ'
Debug| environment_variables_mg.py:39 in keyring_get()
       KEYRING[service]: '6961919539:AAHUx19hj6kYEQminoc9aDwMXpiEBUkx9UQ'
Debug| environment_variables_mg.py:36 in keyring_get()
       'Key of service %s not found in keyring' % service: 'Key of service DevId not found in keyring'
Debug| environment_variables_mg.py:39 in keyring_get()
       KEYRING[service]: '6961919539:AAHUx19hj6kYEQminoc9aDwMXpiEBUkx9UQ'
Debug| environment_variables_mg.py:39 in keyring_get()
       KEYRING[service]: '6961919539:AAHUx19hj6kYEQminoc9aDwMXpiEBUkx9UQ'
Debug| environment_variables_mg.py:36 in keyring_get()
       'Key of service %s not found in keyring' % service: 'Key of service DevId not found in keyring'
Debug| environment_variables_mg.py:39 in keyring_get()
       KEYRING[service]: '6961919539:AAHUx19hj6kYEQminoc9aDwMXpiEBUkx9UQ'
Debug| environment_variables_mg.py:39 in keyring_get()
       KEYRING[service]: '6961919539:AAHUx19hj6kYEQminoc9aDwMXpiEBUkx9UQ'
Debug| environment_variables_mg.py:39 in keyring_get()
       KEYRING[service]: '6961919539:AAHUx19hj6kYEQminoc9aDwMXpiEBUkx9UQ'
Debug| environment_variables_mg.py:39 in keyring_get()
       KEYRING[service]: '6961919539:AAHUx19hj6kYEQminoc9aDwMXpiEBUkx9UQ'
Debug| environment_variables_mg.py:39 in keyring_get()
       KEYRING[service]: '6961919539:AAHUx19hj6kYEQminoc9aDwMXpiEBUkx9UQ'
Debug| environment_variables_mg.py:36 in keyring_get()
       'Key of service %s not found in keyring' % service: 'Key of service DevId not found in keyring'
Debug| environment_variables_mg.py:39 in keyring_get()
       KEYRING[service]: '6961919539:AAHUx19hj6kYEQminoc9aDwMXpiEBUkx9UQ'
Debug| environment_variables_mg.py:39 in keyring_get()
       KEYRING[service]: '6961919539:AAHUx19hj6kYEQminoc9aDwMXpiEBUkx9UQ'
Debug| environment_variables_mg.py:36 in keyring_get()
       'Key of service %s not found in keyring' % service: 'Key of service DevId not found in keyring'
Debug| environment_variables_mg.py:39 in keyring_get()
       KEYRING[service]: '6961919539:AAHUx19hj6kYEQminoc9aDwMXpiEBUkx9UQ'
Debug| environment_variables_mg.py:39 in keyring_get()
       KEYRING[service]: '6961919539:AAHUx19hj6kYEQminoc9aDwMXpiEBUkx9UQ'
Debug| environment_variables_mg.py:39 in keyring_get()
       KEYRING[service]: '6961919539:AAHUx19hj6kYEQminoc9aDwMXpiEBUkx9UQ'
Debug| environment_variables_mg.py:39 in keyring_get()
       KEYRING[service]: '6961919539:AAHUx19hj6kYEQminoc9aDwMXpiEBUkx9UQ'
